# JRE version: Java(TM) SE Runtime Environment (8.0_101-b13) (build 1.8.0_101-b13)
# Java VM: Java HotSpot(TM) 64-Bit Server VM (25.101-b13 mixed mode windows-amd64 compressed oops)
Heap:
 PSYoungGen      total 38400K, used 10611K [0x00000000d5b80000, 0x00000000d9a00000, 0x0000000100000000)
  eden space 33280K, 16% used [0x00000000d5b80000,0x00000000d60dd2d8,0x00000000d7c00000)
  from space 5120K, 99% used [0x00000000d9500000,0x00000000d99ff940,0x00000000d9a00000)
  to   space 5120K, 0% used [0x00000000d7c00000,0x00000000d7c00000,0x00000000d8100000)
 ParOldGen       total 48640K, used 20315K [0x0000000081200000, 0x0000000084180000, 0x00000000d5b80000)
  object space 48640K, 41% used [0x0000000081200000,0x00000000825d6fa0,0x0000000084180000)
 Metaspace       used 25278K, capacity 26742K, committed 26880K, reserved 1073152K
  class space    used 3543K, capacity 3812K, committed 3840K, reserved 1048576K
GC Heap History (10 events):
Event: 0.862 GC heap before
{Heap before GC invocations=1 (full 0):
 PSYoungGen      total 38400K, used 33280K [0x00000000d5b80000, 0x00000000d8600000, 0x0000000100000000)
  eden space 33280K, 100% used [0x00000000d5b80000,0x00000000d7c00000,0x00000000d7c00000)
  from space 5120K, 0% used [0x00000000d8100000,0x00000000d8100000,0x00000000d8600000)
  to   space 5120K, 0% used [0x00000000d7c00000,0x00000000d7c00000,0x00000000d8100000)
 ParOldGen       total 87552K, used 0K [0x0000000081200000, 0x0000000086780000, 0x00000000d5b80000)
  object space 87552K, 0% used [0x0000000081200000,0x0000000081200000,0x0000000086780000)
 Metaspace       used 12872K, capacity 13362K, committed 13440K, reserved 1060864K
  class space    used 1773K, capacity 1920K, committed 1920K, reserved 1048576K
Event: 0.869 GC heap after
Heap after GC invocations=1 (full 0):
 PSYoungGen      total 38400K, used 5102K [0x00000000d5b80000, 0x00000000d8600000, 0x0000000100000000)
  eden space 33280K, 0% used [0x00000000d5b80000,0x00000000d5b80000,0x00000000d7c00000)
  from space 5120K, 99% used [0x00000000d7c00000,0x00000000d80fb940,0x00000000d8100000)
  to   space 5120K, 0% used [0x00000000d8100000,0x00000000d8100000,0x00000000d8600000)
 ParOldGen       total 87552K, used 1032K [0x0000000081200000, 0x0000000086780000, 0x00000000d5b80000)
  object space 87552K, 1% used [0x0000000081200000,0x0000000081302130,0x0000000086780000)
 Metaspace       used 12872K, capacity 13362K, committed 13440K, reserved 1060864K
  class space    used 1773K, capacity 1920K, committed 1920K, reserved 1048576K
}
Event: 10.009 GC heap before
{Heap before GC invocations=2 (full 0):
 PSYoungGen      total 38400K, used 28116K [0x00000000d5b80000, 0x00000000d8600000, 0x0000000100000000)
  eden space 33280K, 69% used [0x00000000d5b80000,0x00000000d71f99f8,0x00000000d7c00000)
  from space 5120K, 99% used [0x00000000d7c00000,0x00000000d80fb940,0x00000000d8100000)
  to   space 5120K, 0% used [0x00000000d8100000,0x00000000d8100000,0x00000000d8600000)
 ParOldGen       total 87552K, used 1032K [0x0000000081200000, 0x0000000086780000, 0x00000000d5b80000)
  object space 87552K, 1% used [0x0000000081200000,0x0000000081302130,0x0000000086780000)
 Metaspace       used 20432K, capacity 21188K, committed 21248K, reserved 1067008K
  class space    used 2825K, capacity 3025K, committed 3072K, reserved 1048576K
Event: 10.018 GC heap after
Heap after GC invocations=2 (full 0):
 PSYoungGen      total 38400K, used 5090K [0x00000000d5b80000, 0x00000000d8600000, 0x0000000100000000)
  eden space 33280K, 0% used [0x00000000d5b80000,0x00000000d5b80000,0x00000000d7c00000)
  from space 5120K, 99% used [0x00000000d8100000,0x00000000d85f8918,0x00000000d8600000)
  to   space 5120K, 0% used [0x00000000d7c00000,0x00000000d7c00000,0x00000000d8100000)
 ParOldGen       total 87552K, used 5321K [0x0000000081200000, 0x0000000086780000, 0x00000000d5b80000)
  object space 87552K, 6% used [0x0000000081200000,0x0000000081732670,0x0000000086780000)
 Metaspace       used 20432K, capacity 21188K, committed 21248K, reserved 1067008K
  class space    used 2825K, capacity 3025K, committed 3072K, reserved 1048576K
}
Event: 10.018 GC heap before
{Heap before GC invocations=3 (full 1):
 PSYoungGen      total 38400K, used 5090K [0x00000000d5b80000, 0x00000000d8600000, 0x0000000100000000)
  eden space 33280K, 0% used [0x00000000d5b80000,0x00000000d5b80000,0x00000000d7c00000)
  from space 5120K, 99% used [0x00000000d8100000,0x00000000d85f8918,0x00000000d8600000)
  to   space 5120K, 0% used [0x00000000d7c00000,0x00000000d7c00000,0x00000000d8100000)
 ParOldGen       total 87552K, used 5321K [0x0000000081200000, 0x0000000086780000, 0x00000000d5b80000)
  object space 87552K, 6% used [0x0000000081200000,0x0000000081732670,0x0000000086780000)
 Metaspace       used 20432K, capacity 21188K, committed 21248K, reserved 1067008K
  class space    used 2825K, capacity 3025K, committed 3072K, reserved 1048576K
Event: 10.061 GC heap after
Heap after GC invocations=3 (full 1):
 PSYoungGen      total 38400K, used 0K [0x00000000d5b80000, 0x00000000d8600000, 0x0000000100000000)
  eden space 33280K, 0% used [0x00000000d5b80000,0x00000000d5b80000,0x00000000d7c00000)
  from space 5120K, 0% used [0x00000000d8100000,0x00000000d8100000,0x00000000d8600000)
  to   space 5120K, 0% used [0x00000000d7c00000,0x00000000d7c00000,0x00000000d8100000)
 ParOldGen       total 48640K, used 10055K [0x0000000081200000, 0x0000000084180000, 0x00000000d5b80000)
  object space 48640K, 20% used [0x0000000081200000,0x0000000081bd1c90,0x0000000084180000)
 Metaspace       used 20432K, capacity 21188K, committed 21248K, reserved 1067008K
  class space    used 2825K, capacity 3025K, committed 3072K, reserved 1048576K
}
Event: 10.550 GC heap before
{Heap before GC invocations=4 (full 1):
 PSYoungGen      total 38400K, used 33280K [0x00000000d5b80000, 0x00000000d8600000, 0x0000000100000000)
  eden space 33280K, 100% used [0x00000000d5b80000,0x00000000d7c00000,0x00000000d7c00000)
  from space 5120K, 0% used [0x00000000d8100000,0x00000000d8100000,0x00000000d8600000)
  to   space 5120K, 0% used [0x00000000d7c00000,0x00000000d7c00000,0x00000000d8100000)
 ParOldGen       total 48640K, used 10055K [0x0000000081200000, 0x0000000084180000, 0x00000000d5b80000)
  object space 48640K, 20% used [0x0000000081200000,0x0000000081bd1c90,0x0000000084180000)
 Metaspace       used 23091K, capacity 24144K, committed 24320K, reserved 1071104K
  class space    used 3262K, capacity 3485K, committed 3584K, reserved 1048576K
Event: 10.556 GC heap after
Heap after GC invocations=4 (full 1):
 PSYoungGen      total 38400K, used 5109K [0x00000000d5b80000, 0x00000000d9a00000, 0x0000000100000000)
  eden space 33280K, 0% used [0x00000000d5b80000,0x00000000d5b80000,0x00000000d7c00000)
  from space 5120K, 99% used [0x00000000d7c00000,0x00000000d80fd400,0x00000000d8100000)
  to   space 5120K, 0% used [0x00000000d9500000,0x00000000d9500000,0x00000000d9a00000)
 ParOldGen       total 48640K, used 13868K [0x0000000081200000, 0x0000000084180000, 0x00000000d5b80000)
  object space 48640K, 28% used [0x0000000081200000,0x0000000081f8b020,0x0000000084180000)
 Metaspace       used 23091K, capacity 24144K, committed 24320K, reserved 1071104K
  class space    used 3262K, capacity 3485K, committed 3584K, reserved 1048576K
}
Event: 17.564 GC heap before
{Heap before GC invocations=5 (full 1):
 PSYoungGen      total 38400K, used 38389K [0x00000000d5b80000, 0x00000000d9a00000, 0x0000000100000000)
  eden space 33280K, 100% used [0x00000000d5b80000,0x00000000d7c00000,0x00000000d7c00000)
  from space 5120K, 99% used [0x00000000d7c00000,0x00000000d80fd400,0x00000000d8100000)
  to   space 5120K, 0% used [0x00000000d9500000,0x00000000d9500000,0x00000000d9a00000)
 ParOldGen       total 48640K, used 13868K [0x0000000081200000, 0x0000000084180000, 0x00000000d5b80000)
  object space 48640K, 28% used [0x0000000081200000,0x0000000081f8b020,0x0000000084180000)
 Metaspace       used 25251K, capacity 26742K, committed 26880K, reserved 1073152K
  class space    used 3542K, capacity 3812K, committed 3840K, reserved 1048576K
Event: 17.573 GC heap after
Heap after GC invocations=5 (full 1):
 PSYoungGen      total 38400K, used 5118K [0x00000000d5b80000, 0x00000000d9a00000, 0x0000000100000000)
  eden space 33280K, 0% used [0x00000000d5b80000,0x00000000d5b80000,0x00000000d7c00000)
  from space 5120K, 99% used [0x00000000d9500000,0x00000000d99ff940,0x00000000d9a00000)
  to   space 5120K, 0% used [0x00000000d7c00000,0x00000000d7c00000,0x00000000d8100000)
 ParOldGen       total 48640K, used 20315K [0x0000000081200000, 0x0000000084180000, 0x00000000d5b80000)
  object space 48640K, 41% used [0x0000000081200000,0x00000000825d6fa0,0x0000000084180000)
 Metaspace       used 25251K, capacity 26742K, committed 26880K, reserved 1073152K
  class space    used 3542K, capacity 3812K, committed 3840K, reserved 1048576K
}

